AgriApp-main/app/build/intermediates/manifest_merge_blame_file/debug/manifest-merger-blame-debug-report.txt
1<?xml version="1.0" encoding="utf-8"?>
2<manifest xmlns:android="http://schemas.android.com/apk/res/android"
3    package="com.example.farm"
4    android:versionCode="1"
5    android:versionName="1.0" >
6
7    <uses-sdk
8        android:minSdkVersion="16"
8-->src\main\AndroidManifest.xml
9        android:targetSdkVersion="29" />
9-->src\main\AndroidManifest.xml
10
11    <uses-permission android:name="android.permission.INTERNET" /> <!-- Although the *SdkVersion is captured in gradle build files, this is required for non gradle builds -->
11-->[com.firebaseui:firebase-ui-database:6.0.2] AndroidManifest.xml:11:5-67
11-->[com.firebaseui:firebase-ui-database:6.0.2] AndroidManifest.xml:11:22-64
12    <!-- <uses-sdk android:minSdkVersion="14"/> -->
13    <uses-permission android:name="android.permission.ACCESS_NETWORK_STATE" />
13-->[com.google.firebase:firebase-database:19.6.0] AndroidManifest.xml:25:5-79
13-->[com.google.firebase:firebase-database:19.6.0] AndroidManifest.xml:25:22-76
14
15    <application
15-->src\main\AndroidManifest.xml:6:5-24:19
16        android:appComponentFactory="androidx.core.app.CoreComponentFactory"
16-->[androidx.core:core:1.3.1] AndroidManifest.xml:24:18-86
17        android:debuggable="true"
18        android:icon="@mipmap/ic_launcher"
18-->src\main\AndroidManifest.xml:7:9-43
19        android:label="@string/app_name"
19-->src\main\AndroidManifest.xml:8:9-41
20        android:roundIcon="@mipmap/ic_launcher_round"
20-->src\main\AndroidManifest.xml:9:9-54
21        android:supportsRtl="true"
21-->src\main\AndroidManifest.xml:10:9-35
22        android:theme="@style/AppTheme" >
22-->src\main\AndroidManifest.xml:11:9-40
23        <activity android:name="com.example.farm.Contacts" />
23-->src\main\AndroidManifest.xml:13:9-46
23-->src\main\AndroidManifest.xml:13:19-43
24        <activity android:name="com.example.farm.Problems" />
24-->src\main\AndroidManifest.xml:14:9-46
24-->src\main\AndroidManifest.xml:14:19-43
25        <activity android:name="com.example.farm.Display" />
25-->src\main\AndroidManifest.xml:15:9-45
25-->src\main\AndroidManifest.xml:15:19-42
26        <activity android:name="com.example.farm.HomePage" />
26-->src\main\AndroidManifest.xml:16:9-46
26-->src\main\AndroidManifest.xml:16:19-43
27        <activity android:name="com.example.farm.MainActivity" >
27-->src\main\AndroidManifest.xml:17:9-23:20
27-->src\main\AndroidManifest.xml:17:19-47
28            <intent-filter>
28-->src\main\AndroidManifest.xml:18:13-22:29
29                <action android:name="android.intent.action.MAIN" />
29-->src\main\AndroidManifest.xml:19:17-69
29-->src\main\AndroidManifest.xml:19:25-66
30
31                <category android:name="android.intent.category.LAUNCHER" />
31-->src\main\AndroidManifest.xml:21:17-77
31-->src\main\AndroidManifest.xml:21:27-74
32            </intent-filter>
33        </activity>
34
35        <service
35-->[com.google.firebase:firebase-database:19.6.0] AndroidManifest.xml:29:9-35:19
36            android:name="com.google.firebase.components.ComponentDiscoveryService"
36-->[com.google.firebase:firebase-database:19.6.0] AndroidManifest.xml:30:13-84
37            android:directBootAware="true"
37-->[com.google.firebase:firebase-common:19.5.0] AndroidManifest.xml:35:13-43
38            android:exported="false" >
38-->[com.google.firebase:firebase-database:19.6.0] AndroidManifest.xml:31:13-37
39            <meta-data
39-->[com.google.firebase:firebase-database:19.6.0] AndroidManifest.xml:32:13-34:85
40                android:name="com.google.firebase.components:com.google.firebase.database.DatabaseRegistrar"
40-->[com.google.firebase:firebase-database:19.6.0] AndroidManifest.xml:33:17-109
41                android:value="com.google.firebase.components.ComponentRegistrar" />
41-->[com.google.firebase:firebase-database:19.6.0] AndroidManifest.xml:34:17-82
42            <meta-data
42-->[com.google.firebase:firebase-auth:20.0.2] AndroidManifest.xml:77:13-79:85
43                android:name="com.google.firebase.components:com.google.firebase.auth.FirebaseAuthRegistrar"
43-->[com.google.firebase:firebase-auth:20.0.2] AndroidManifest.xml:78:17-109
44                android:value="com.google.firebase.components.ComponentRegistrar" />
44-->[com.google.firebase:firebase-auth:20.0.2] AndroidManifest.xml:79:17-82
45            <!--
46                This registrar is not defined in the dynamic-module-support sdk itself to allow non-firebase
47                clients to use it as well, by defining this registrar in their own core/common library.
48            -->
49            <meta-data
49-->[com.google.firebase:firebase-common:19.5.0] AndroidManifest.xml:43:13-45:85
50                android:name="com.google.firebase.components:com.google.firebase.dynamicloading.DynamicLoadingRegistrar"
50-->[com.google.firebase:firebase-common:19.5.0] AndroidManifest.xml:44:17-121
51                android:value="com.google.firebase.components.ComponentRegistrar" />
51-->[com.google.firebase:firebase-common:19.5.0] AndroidManifest.xml:45:17-82
52        </service>
53
54        <activity
54-->[com.google.firebase:firebase-auth:20.0.2] AndroidManifest.xml:27:9-44:20
55            android:name="com.google.firebase.auth.internal.GenericIdpActivity"
55-->[com.google.firebase:firebase-auth:20.0.2] AndroidManifest.xml:28:13-80
56            android:excludeFromRecents="true"
56-->[com.google.firebase:firebase-auth:20.0.2] AndroidManifest.xml:29:13-46
57            android:exported="true"
57-->[com.google.firebase:firebase-auth:20.0.2] AndroidManifest.xml:30:13-36
58            android:launchMode="singleTask"
58-->[com.google.firebase:firebase-auth:20.0.2] AndroidManifest.xml:31:13-44
59            android:theme="@android:style/Theme.Translucent.NoTitleBar" >
59-->[com.google.firebase:firebase-auth:20.0.2] AndroidManifest.xml:32:13-72
60            <intent-filter>
60-->[com.google.firebase:firebase-auth:20.0.2] AndroidManifest.xml:33:13-43:29
61                <action android:name="android.intent.action.VIEW" />
61-->[com.google.firebase:firebase-auth:20.0.2] AndroidManifest.xml:34:17-69
61-->[com.google.firebase:firebase-auth:20.0.2] AndroidManifest.xml:34:25-66
62
63                <category android:name="android.intent.category.DEFAULT" />
63-->[com.google.firebase:firebase-auth:20.0.2] AndroidManifest.xml:36:17-76
63-->[com.google.firebase:firebase-auth:20.0.2] AndroidManifest.xml:36:27-73
64                <category android:name="android.intent.category.BROWSABLE" />
64-->[com.google.firebase:firebase-auth:20.0.2] AndroidManifest.xml:37:17-78
64-->[com.google.firebase:firebase-auth:20.0.2] AndroidManifest.xml:37:27-75
65
66                <data
66-->[com.google.firebase:firebase-auth:20.0.2] AndroidManifest.xml:39:17-42:51
67                    android:host="firebase.auth"
67-->[com.google.firebase:firebase-auth:20.0.2] AndroidManifest.xml:40:21-49
68                    android:path="/"
68-->[com.google.firebase:firebase-auth:20.0.2] AndroidManifest.xml:41:21-37
69                    android:scheme="genericidp" />
69-->[com.google.firebase:firebase-auth:20.0.2] AndroidManifest.xml:42:21-48
70            </intent-filter>
71        </activity>
72        <activity
72-->[com.google.firebase:firebase-auth:20.0.2] AndroidManifest.xml:45:9-62:20
73            android:name="com.google.firebase.auth.internal.RecaptchaActivity"
73-->[com.google.firebase:firebase-auth:20.0.2] AndroidManifest.xml:46:13-79
74            android:excludeFromRecents="true"
74-->[com.google.firebase:firebase-auth:20.0.2] AndroidManifest.xml:47:13-46
75            android:exported="true"
75-->[com.google.firebase:firebase-auth:20.0.2] AndroidManifest.xml:48:13-36
76            android:launchMode="singleTask"
76-->[com.google.firebase:firebase-auth:20.0.2] AndroidManifest.xml:49:13-44
77            android:theme="@android:style/Theme.Translucent.NoTitleBar" >
77-->[com.google.firebase:firebase-auth:20.0.2] AndroidManifest.xml:50:13-72
78            <intent-filter>
78-->[com.google.firebase:firebase-auth:20.0.2] AndroidManifest.xml:51:13-61:29
79                <action android:name="android.intent.action.VIEW" />
79-->[com.google.firebase:firebase-auth:20.0.2] AndroidManifest.xml:34:17-69
79-->[com.google.firebase:firebase-auth:20.0.2] AndroidManifest.xml:34:25-66
80
81                <category android:name="android.intent.category.DEFAULT" />
81-->[com.google.firebase:firebase-auth:20.0.2] AndroidManifest.xml:36:17-76
81-->[com.google.firebase:firebase-auth:20.0.2] AndroidManifest.xml:36:27-73
82                <category android:name="android.intent.category.BROWSABLE" />
82-->[com.google.firebase:firebase-auth:20.0.2] AndroidManifest.xml:37:17-78
82-->[com.google.firebase:firebase-auth:20.0.2] AndroidManifest.xml:37:27-75
83
84                <data
84-->[com.google.firebase:firebase-auth:20.0.2] AndroidManifest.xml:39:17-42:51
85                    android:host="firebase.auth"
85-->[com.google.firebase:firebase-auth:20.0.2] AndroidManifest.xml:40:21-49
86                    android:path="/"
86-->[com.google.firebase:firebase-auth:20.0.2] AndroidManifest.xml:41:21-37
87                    android:scheme="recaptcha" />
87-->[com.google.firebase:firebase-auth:20.0.2] AndroidManifest.xml:42:21-48
88            </intent-filter>
89        </activity>
90
91        <service
91-->[com.google.firebase:firebase-auth:20.0.2] AndroidManifest.xml:64:9-73:19
92            android:name="com.google.firebase.auth.api.fallback.service.FirebaseAuthFallbackService"
92-->[com.google.firebase:firebase-auth:20.0.2] AndroidManifest.xml:65:13-101
93            android:enabled="true"
93-->[com.google.firebase:firebase-auth:20.0.2] AndroidManifest.xml:66:13-35
94            android:exported="false" >
94-->[com.google.firebase:firebase-auth:20.0.2] AndroidManifest.xml:67:13-37
95            <intent-filter>
95-->[com.google.firebase:firebase-auth:20.0.2] AndroidManifest.xml:68:13-72:29
96                <action android:name="com.google.firebase.auth.api.gms.service.START" />
96-->[com.google.firebase:firebase-auth:20.0.2] AndroidManifest.xml:69:17-89
96-->[com.google.firebase:firebase-auth:20.0.2] AndroidManifest.xml:69:25-86
97
98                <category android:name="android.intent.category.DEFAULT" />
98-->[com.google.firebase:firebase-auth:20.0.2] AndroidManifest.xml:36:17-76
98-->[com.google.firebase:firebase-auth:20.0.2] AndroidManifest.xml:36:27-73
99            </intent-filter>
100        </service>
101
102        <activity
102-->[com.google.android.gms:play-services-base:17.1.0] AndroidManifest.xml:23:9-26:75
103            android:name="com.google.android.gms.common.api.GoogleApiActivity"
103-->[com.google.android.gms:play-services-base:17.1.0] AndroidManifest.xml:24:13-79
104            android:exported="false"
104-->[com.google.android.gms:play-services-base:17.1.0] AndroidManifest.xml:25:13-37
105            android:theme="@android:style/Theme.Translucent.NoTitleBar" />
105-->[com.google.android.gms:play-services-base:17.1.0] AndroidManifest.xml:26:13-72
106
107        <provider
107-->[com.google.firebase:firebase-common:19.5.0] AndroidManifest.xml:26:9-31:39
108            android:name="com.google.firebase.provider.FirebaseInitProvider"
108-->[com.google.firebase:firebase-common:19.5.0] AndroidManifest.xml:27:13-77
109            android:authorities="com.example.farm.firebaseinitprovider"
109-->[com.google.firebase:firebase-common:19.5.0] AndroidManifest.xml:28:13-72
110            android:directBootAware="true"
110-->[com.google.firebase:firebase-common:19.5.0] AndroidManifest.xml:29:13-43
111            android:exported="false"
111-->[com.google.firebase:firebase-common:19.5.0] AndroidManifest.xml:30:13-37
112            android:initOrder="100" />
112-->[com.google.firebase:firebase-common:19.5.0] AndroidManifest.xml:31:13-36
113
114        <meta-data
114-->[com.google.android.gms:play-services-basement:17.1.0] AndroidManifest.xml:23:9-25:69
115            android:name="com.google.android.gms.version"
115-->[com.google.android.gms:play-services-basement:17.1.0] AndroidManifest.xml:24:13-58
116            android:value="@integer/google_play_services_version" />
116-->[com.google.android.gms:play-services-basement:17.1.0] AndroidManifest.xml:25:13-66
117    </application>
118
119</manifest>